nohup: ignoring input
/home/data/anaconda3/envs/qxy_lxmert/lib/python3.6/site-packages/sklearn/metrics/_classification.py:1248: UndefinedMetricWarning: Recall is ill-defined and being set to 0.0 in labels with no true samples. Use `zero_division` parameter to control this behavior.
  _warn_prf(average, modifier, msg_start, len(result))
/home/data/anaconda3/envs/qxy_lxmert/lib/python3.6/site-packages/sklearn/metrics/_classification.py:1248: UndefinedMetricWarning: Recall and F-score are ill-defined and being set to 0.0 in labels with no true samples. Use `zero_division` parameter to control this behavior.
  _warn_prf(average, modifier, msg_start, len(result))
/home/data/anaconda3/envs/qxy_lxmert/lib/python3.6/site-packages/sklearn/metrics/_classification.py:1248: UndefinedMetricWarning: Recall and F-score are ill-defined and being set to 0.0 in labels with no true samples. Use `zero_division` parameter to control this behavior.
  _warn_prf(average, modifier, msg_start, len(result))
/home/data/anaconda3/envs/qxy_lxmert/lib/python3.6/site-packages/sklearn/metrics/_classification.py:1248: UndefinedMetricWarning: Recall and F-score are ill-defined and being set to 0.0 in labels with no true samples. Use `zero_division` parameter to control this behavior.
  _warn_prf(average, modifier, msg_start, len(result))
/home/data/anaconda3/envs/qxy_lxmert/lib/python3.6/site-packages/sklearn/metrics/_classification.py:1248: UndefinedMetricWarning: Recall is ill-defined and being set to 0.0 in labels with no true samples. Use `zero_division` parameter to control this behavior.
  _warn_prf(average, modifier, msg_start, len(result))
/home/data/anaconda3/envs/qxy_lxmert/lib/python3.6/site-packages/sklearn/metrics/_classification.py:1248: UndefinedMetricWarning: Recall and F-score are ill-defined and being set to 0.0 in labels with no true samples. Use `zero_division` parameter to control this behavior.
  _warn_prf(average, modifier, msg_start, len(result))
/home/data/anaconda3/envs/qxy_lxmert/lib/python3.6/site-packages/sklearn/metrics/_classification.py:1248: UndefinedMetricWarning: Recall and F-score are ill-defined and being set to 0.0 in labels with no true samples. Use `zero_division` parameter to control this behavior.
  _warn_prf(average, modifier, msg_start, len(result))
/home/data/anaconda3/envs/qxy_lxmert/lib/python3.6/site-packages/sklearn/metrics/_classification.py:1248: UndefinedMetricWarning: Recall and F-score are ill-defined and being set to 0.0 in labels with no true samples. Use `zero_division` parameter to control this behavior.
  _warn_prf(average, modifier, msg_start, len(result))
/home/data/anaconda3/envs/qxy_lxmert/lib/python3.6/site-packages/sklearn/metrics/_classification.py:1248: UndefinedMetricWarning: Recall is ill-defined and being set to 0.0 in labels with no true samples. Use `zero_division` parameter to control this behavior.
  _warn_prf(average, modifier, msg_start, len(result))
/home/data/anaconda3/envs/qxy_lxmert/lib/python3.6/site-packages/sklearn/metrics/_classification.py:1248: UndefinedMetricWarning: Recall and F-score are ill-defined and being set to 0.0 in labels with no true samples. Use `zero_division` parameter to control this behavior.
  _warn_prf(average, modifier, msg_start, len(result))
/home/data/anaconda3/envs/qxy_lxmert/lib/python3.6/site-packages/sklearn/metrics/_classification.py:1248: UndefinedMetricWarning: Recall and F-score are ill-defined and being set to 0.0 in labels with no true samples. Use `zero_division` parameter to control this behavior.
  _warn_prf(average, modifier, msg_start, len(result))
/home/data/anaconda3/envs/qxy_lxmert/lib/python3.6/site-packages/sklearn/metrics/_classification.py:1248: UndefinedMetricWarning: Recall and F-score are ill-defined and being set to 0.0 in labels with no true samples. Use `zero_division` parameter to control this behavior.
  _warn_prf(average, modifier, msg_start, len(result))
/home/data/anaconda3/envs/qxy_lxmert/lib/python3.6/site-packages/sklearn/metrics/_classification.py:1248: UndefinedMetricWarning: Recall is ill-defined and being set to 0.0 in labels with no true samples. Use `zero_division` parameter to control this behavior.
  _warn_prf(average, modifier, msg_start, len(result))
/home/data/anaconda3/envs/qxy_lxmert/lib/python3.6/site-packages/sklearn/metrics/_classification.py:1248: UndefinedMetricWarning: Recall and F-score are ill-defined and being set to 0.0 in labels with no true samples. Use `zero_division` parameter to control this behavior.
  _warn_prf(average, modifier, msg_start, len(result))
/home/data/anaconda3/envs/qxy_lxmert/lib/python3.6/site-packages/sklearn/metrics/_classification.py:1248: UndefinedMetricWarning: Recall and F-score are ill-defined and being set to 0.0 in labels with no true samples. Use `zero_division` parameter to control this behavior.
  _warn_prf(average, modifier, msg_start, len(result))
/home/data/anaconda3/envs/qxy_lxmert/lib/python3.6/site-packages/sklearn/metrics/_classification.py:1248: UndefinedMetricWarning: Recall and F-score are ill-defined and being set to 0.0 in labels with no true samples. Use `zero_division` parameter to control this behavior.
  _warn_prf(average, modifier, msg_start, len(result))
/home/data/anaconda3/envs/qxy_lxmert/lib/python3.6/site-packages/sklearn/metrics/_classification.py:1248: UndefinedMetricWarning: Recall is ill-defined and being set to 0.0 in labels with no true samples. Use `zero_division` parameter to control this behavior.
  _warn_prf(average, modifier, msg_start, len(result))
/home/data/anaconda3/envs/qxy_lxmert/lib/python3.6/site-packages/sklearn/metrics/_classification.py:1248: UndefinedMetricWarning: Recall and F-score are ill-defined and being set to 0.0 in labels with no true samples. Use `zero_division` parameter to control this behavior.
  _warn_prf(average, modifier, msg_start, len(result))
/home/data/anaconda3/envs/qxy_lxmert/lib/python3.6/site-packages/sklearn/metrics/_classification.py:1248: UndefinedMetricWarning: Recall and F-score are ill-defined and being set to 0.0 in labels with no true samples. Use `zero_division` parameter to control this behavior.
  _warn_prf(average, modifier, msg_start, len(result))
/home/data/anaconda3/envs/qxy_lxmert/lib/python3.6/site-packages/sklearn/metrics/_classification.py:1248: UndefinedMetricWarning: Recall and F-score are ill-defined and being set to 0.0 in labels with no true samples. Use `zero_division` parameter to control this behavior.
  _warn_prf(average, modifier, msg_start, len(result))
/home/data/anaconda3/envs/qxy_lxmert/lib/python3.6/site-packages/sklearn/metrics/_classification.py:1248: UndefinedMetricWarning: Recall is ill-defined and being set to 0.0 in labels with no true samples. Use `zero_division` parameter to control this behavior.
  _warn_prf(average, modifier, msg_start, len(result))
/home/data/anaconda3/envs/qxy_lxmert/lib/python3.6/site-packages/sklearn/metrics/_classification.py:1248: UndefinedMetricWarning: Recall and F-score are ill-defined and being set to 0.0 in labels with no true samples. Use `zero_division` parameter to control this behavior.
  _warn_prf(average, modifier, msg_start, len(result))
/home/data/anaconda3/envs/qxy_lxmert/lib/python3.6/site-packages/sklearn/metrics/_classification.py:1248: UndefinedMetricWarning: Recall and F-score are ill-defined and being set to 0.0 in labels with no true samples. Use `zero_division` parameter to control this behavior.
  _warn_prf(average, modifier, msg_start, len(result))
/home/data/anaconda3/envs/qxy_lxmert/lib/python3.6/site-packages/sklearn/metrics/_classification.py:1248: UndefinedMetricWarning: Recall and F-score are ill-defined and being set to 0.0 in labels with no true samples. Use `zero_division` parameter to control this behavior.
  _warn_prf(average, modifier, msg_start, len(result))
/home/data/anaconda3/envs/qxy_lxmert/lib/python3.6/site-packages/sklearn/metrics/_classification.py:1248: UndefinedMetricWarning: Recall is ill-defined and being set to 0.0 in labels with no true samples. Use `zero_division` parameter to control this behavior.
  _warn_prf(average, modifier, msg_start, len(result))
/home/data/anaconda3/envs/qxy_lxmert/lib/python3.6/site-packages/sklearn/metrics/_classification.py:1248: UndefinedMetricWarning: Recall and F-score are ill-defined and being set to 0.0 in labels with no true samples. Use `zero_division` parameter to control this behavior.
  _warn_prf(average, modifier, msg_start, len(result))
程序开始运行 !

数据加载器已完成 =>

开始训练 =>
epoch:  0  step:0000,------------loss:213.175690
epoch:  0  step:0200,------------loss:26.405624
0  开始进行测试
              precision    recall  f1-score   support

           0       0.90      0.96      0.93    152505
           1       0.00      0.00      0.00      1973
           2       0.08      0.15      0.11      3851
           3       0.00      0.00      0.00      1331
           4       0.24      0.07      0.11      5670
           5       0.42      0.05      0.08      2877
           6       0.70      0.00      0.00      4394
           7       0.00      0.00      0.00         0

    accuracy                           0.85    172601
   macro avg       0.29      0.15      0.15    172601
weighted avg       0.83      0.85      0.83    172601

epoch:  1  step:0000,------------loss:9.762831
epoch:  1  step:0200,------------loss:19.600973
1  开始进行测试
              precision    recall  f1-score   support

           0       0.92      0.97      0.95    152505
           1       0.50      0.00      0.00      1973
           2       0.16      0.18      0.17      3851
           3       0.01      0.01      0.01      1331
           4       0.36      0.27      0.31      5670
           5       0.26      0.12      0.16      2877
           6       0.64      0.05      0.10      4394
           7       0.00      0.00      0.00         0

    accuracy                           0.87    172601
   macro avg       0.36      0.20      0.21    172601
weighted avg       0.86      0.87      0.85    172601

epoch:  2  step:0000,------------loss:8.208508
epoch:  2  step:0200,------------loss:16.058395
2  开始进行测试
              precision    recall  f1-score   support

           0       0.94      0.98      0.96    152505
           1       0.54      0.01      0.02      1973
           2       0.27      0.22      0.24      3851
           3       0.06      0.05      0.05      1331
           4       0.38      0.44      0.40      5670
           5       0.33      0.20      0.25      2877
           6       0.67      0.16      0.26      4394
           7       0.00      0.00      0.00         0

    accuracy                           0.89    172601
   macro avg       0.40      0.26      0.27    172601
weighted avg       0.88      0.89      0.87    172601

epoch:  3  step:0000,------------loss:7.204405
epoch:  3  step:0200,------------loss:13.435913
3  开始进行测试
              precision    recall  f1-score   support

           0       0.95      0.98      0.96    152505
           1       0.68      0.07      0.13      1973
           2       0.39      0.28      0.33      3851
           3       0.18      0.12      0.14      1331
           4       0.42      0.56      0.48      5670
           5       0.42      0.29      0.34      2877
           6       0.72      0.30      0.42      4394
           7       0.00      0.00      0.00         0

    accuracy                           0.90    172601
   macro avg       0.47      0.32      0.35    172601
weighted avg       0.90      0.90      0.89    172601

epoch:  4  step:0000,------------loss:6.242825
epoch:  4  step:0200,------------loss:11.233583
4  开始进行测试
              precision    recall  f1-score   support

           0       0.96      0.98      0.97    152505
           1       0.72      0.16      0.26      1973
           2       0.48      0.33      0.39      3851
           3       0.33      0.22      0.26      1331
           4       0.48      0.60      0.53      5670
           5       0.52      0.41      0.46      2877
           6       0.73      0.40      0.51      4394
           7       0.00      0.00      0.00         0

    accuracy                           0.91    172601
   macro avg       0.53      0.39      0.42    172601
weighted avg       0.91      0.91      0.91    172601

epoch:  5  step:0000,------------loss:5.809222
epoch:  5  step:0200,------------loss:9.721133
5  开始进行测试
              precision    recall  f1-score   support

           0       0.96      0.98      0.97    152505
           1       0.72      0.25      0.37      1973
           2       0.57      0.41      0.48      3851
           3       0.43      0.29      0.35      1331
           4       0.52      0.64      0.58      5670
           5       0.59      0.52      0.55      2877
           6       0.75      0.46      0.57      4394
           7       0.00      0.00      0.00         0

    accuracy                           0.92    172601
   macro avg       0.57      0.44      0.48    172601
weighted avg       0.92      0.92      0.92    172601

epoch:  6  step:0000,------------loss:5.216380
epoch:  6  step:0200,------------loss:8.829862
6  开始进行测试
              precision    recall  f1-score   support

           0       0.97      0.98      0.97    152505
           1       0.79      0.33      0.46      1973
           2       0.67      0.55      0.60      3851
           3       0.54      0.39      0.45      1331
           4       0.56      0.67      0.61      5670
           5       0.63      0.57      0.60      2877
           6       0.77      0.50      0.61      4394
           7       0.00      0.00      0.00         0

    accuracy                           0.93    172601
   macro avg       0.62      0.50      0.54    172601
weighted avg       0.93      0.93      0.93    172601

epoch:  7  step:0000,------------loss:4.820084
epoch:  7  step:0200,------------loss:7.759791
7  开始进行测试
              precision    recall  f1-score   support

           0       0.97      0.99      0.98    152505
           1       0.81      0.41      0.55      1973
           2       0.74      0.64      0.69      3851
           3       0.60      0.46      0.52      1331
           4       0.61      0.69      0.65      5670
           5       0.68      0.60      0.64      2877
           6       0.79      0.53      0.64      4394
           7       0.00      0.00      0.00         0

    accuracy                           0.94    172601
   macro avg       0.65      0.54      0.58    172601
weighted avg       0.94      0.94      0.94    172601

epoch:  8  step:0000,------------loss:4.424941
epoch:  8  step:0200,------------loss:7.154124
8  开始进行测试
              precision    recall  f1-score   support

           0       0.97      0.99      0.98    152505
           1       0.82      0.45      0.58      1973
           2       0.77      0.70      0.73      3851
           3       0.64      0.51      0.57      1331
           4       0.64      0.71      0.67      5670
           5       0.71      0.64      0.67      2877
           6       0.80      0.56      0.66      4394
           7       0.00      0.00      0.00         0

    accuracy                           0.94    172601
   macro avg       0.67      0.57      0.61    172601
weighted avg       0.94      0.94      0.94    172601

epoch:  9  step:0000,------------loss:4.069258
epoch:  9  step:0200,------------loss:6.689681
9  开始进行测试
              precision    recall  f1-score   support

           0       0.97      0.99      0.98    152505
           1       0.84      0.51      0.63      1973
           2       0.79      0.73      0.76      3851
           3       0.66      0.53      0.59      1331
           4       0.66      0.72      0.69      5670
           5       0.74      0.67      0.70      2877
           6       0.81      0.59      0.68      4394
           7       0.00      0.00      0.00         0

    accuracy                           0.95    172601
   macro avg       0.68      0.59      0.63    172601
weighted avg       0.95      0.95      0.95    172601

epoch:  10  step:0000,------------loss:3.708780
epoch:  10  step:0200,------------loss:6.166407
10  开始进行测试
              precision    recall  f1-score   support

           0       0.97      0.99      0.98    152505
           1       0.85      0.55      0.67      1973
           2       0.81      0.76      0.78      3851
           3       0.68      0.56      0.61      1331
           4       0.68      0.73      0.71      5670
           5       0.76      0.68      0.72      2877
           6       0.81      0.62      0.70      4394
           7       0.00      0.00      0.00         0

    accuracy                           0.95    172601
   macro avg       0.70      0.61      0.65    172601
weighted avg       0.95      0.95      0.95    172601
/home/data/anaconda3/envs/qxy_lxmert/lib/python3.6/site-packages/sklearn/metrics/_classification.py:1248: UndefinedMetricWarning: Recall and F-score are ill-defined and being set to 0.0 in labels with no true samples. Use `zero_division` parameter to control this behavior.
  _warn_prf(average, modifier, msg_start, len(result))
/home/data/anaconda3/envs/qxy_lxmert/lib/python3.6/site-packages/sklearn/metrics/_classification.py:1248: UndefinedMetricWarning: Recall and F-score are ill-defined and being set to 0.0 in labels with no true samples. Use `zero_division` parameter to control this behavior.
  _warn_prf(average, modifier, msg_start, len(result))
/home/data/anaconda3/envs/qxy_lxmert/lib/python3.6/site-packages/sklearn/metrics/_classification.py:1248: UndefinedMetricWarning: Recall is ill-defined and being set to 0.0 in labels with no true samples. Use `zero_division` parameter to control this behavior.
  _warn_prf(average, modifier, msg_start, len(result))
/home/data/anaconda3/envs/qxy_lxmert/lib/python3.6/site-packages/sklearn/metrics/_classification.py:1248: UndefinedMetricWarning: Recall and F-score are ill-defined and being set to 0.0 in labels with no true samples. Use `zero_division` parameter to control this behavior.
  _warn_prf(average, modifier, msg_start, len(result))
/home/data/anaconda3/envs/qxy_lxmert/lib/python3.6/site-packages/sklearn/metrics/_classification.py:1248: UndefinedMetricWarning: Recall and F-score are ill-defined and being set to 0.0 in labels with no true samples. Use `zero_division` parameter to control this behavior.
  _warn_prf(average, modifier, msg_start, len(result))
/home/data/anaconda3/envs/qxy_lxmert/lib/python3.6/site-packages/sklearn/metrics/_classification.py:1248: UndefinedMetricWarning: Recall and F-score are ill-defined and being set to 0.0 in labels with no true samples. Use `zero_division` parameter to control this behavior.
  _warn_prf(average, modifier, msg_start, len(result))
/home/data/anaconda3/envs/qxy_lxmert/lib/python3.6/site-packages/sklearn/metrics/_classification.py:1248: UndefinedMetricWarning: Recall is ill-defined and being set to 0.0 in labels with no true samples. Use `zero_division` parameter to control this behavior.
  _warn_prf(average, modifier, msg_start, len(result))
/home/data/anaconda3/envs/qxy_lxmert/lib/python3.6/site-packages/sklearn/metrics/_classification.py:1248: UndefinedMetricWarning: Recall and F-score are ill-defined and being set to 0.0 in labels with no true samples. Use `zero_division` parameter to control this behavior.
  _warn_prf(average, modifier, msg_start, len(result))
/home/data/anaconda3/envs/qxy_lxmert/lib/python3.6/site-packages/sklearn/metrics/_classification.py:1248: UndefinedMetricWarning: Recall and F-score are ill-defined and being set to 0.0 in labels with no true samples. Use `zero_division` parameter to control this behavior.
  _warn_prf(average, modifier, msg_start, len(result))
/home/data/anaconda3/envs/qxy_lxmert/lib/python3.6/site-packages/sklearn/metrics/_classification.py:1248: UndefinedMetricWarning: Recall and F-score are ill-defined and being set to 0.0 in labels with no true samples. Use `zero_division` parameter to control this behavior.
  _warn_prf(average, modifier, msg_start, len(result))
/home/data/anaconda3/envs/qxy_lxmert/lib/python3.6/site-packages/sklearn/metrics/_classification.py:1248: UndefinedMetricWarning: Recall is ill-defined and being set to 0.0 in labels with no true samples. Use `zero_division` parameter to control this behavior.
  _warn_prf(average, modifier, msg_start, len(result))
/home/data/anaconda3/envs/qxy_lxmert/lib/python3.6/site-packages/sklearn/metrics/_classification.py:1248: UndefinedMetricWarning: Recall and F-score are ill-defined and being set to 0.0 in labels with no true samples. Use `zero_division` parameter to control this behavior.
  _warn_prf(average, modifier, msg_start, len(result))
/home/data/anaconda3/envs/qxy_lxmert/lib/python3.6/site-packages/sklearn/metrics/_classification.py:1248: UndefinedMetricWarning: Recall and F-score are ill-defined and being set to 0.0 in labels with no true samples. Use `zero_division` parameter to control this behavior.
  _warn_prf(average, modifier, msg_start, len(result))
/home/data/anaconda3/envs/qxy_lxmert/lib/python3.6/site-packages/sklearn/metrics/_classification.py:1248: UndefinedMetricWarning: Recall and F-score are ill-defined and being set to 0.0 in labels with no true samples. Use `zero_division` parameter to control this behavior.
  _warn_prf(average, modifier, msg_start, len(result))
/home/data/anaconda3/envs/qxy_lxmert/lib/python3.6/site-packages/sklearn/metrics/_classification.py:1248: UndefinedMetricWarning: Recall is ill-defined and being set to 0.0 in labels with no true samples. Use `zero_division` parameter to control this behavior.
  _warn_prf(average, modifier, msg_start, len(result))
/home/data/anaconda3/envs/qxy_lxmert/lib/python3.6/site-packages/sklearn/metrics/_classification.py:1248: UndefinedMetricWarning: Recall and F-score are ill-defined and being set to 0.0 in labels with no true samples. Use `zero_division` parameter to control this behavior.
  _warn_prf(average, modifier, msg_start, len(result))
/home/data/anaconda3/envs/qxy_lxmert/lib/python3.6/site-packages/sklearn/metrics/_classification.py:1248: UndefinedMetricWarning: Recall and F-score are ill-defined and being set to 0.0 in labels with no true samples. Use `zero_division` parameter to control this behavior.
  _warn_prf(average, modifier, msg_start, len(result))
/home/data/anaconda3/envs/qxy_lxmert/lib/python3.6/site-packages/sklearn/metrics/_classification.py:1248: UndefinedMetricWarning: Recall and F-score are ill-defined and being set to 0.0 in labels with no true samples. Use `zero_division` parameter to control this behavior.
  _warn_prf(average, modifier, msg_start, len(result))
/home/data/anaconda3/envs/qxy_lxmert/lib/python3.6/site-packages/sklearn/metrics/_classification.py:1248: UndefinedMetricWarning: Recall is ill-defined and being set to 0.0 in labels with no true samples. Use `zero_division` parameter to control this behavior.
  _warn_prf(average, modifier, msg_start, len(result))
/home/data/anaconda3/envs/qxy_lxmert/lib/python3.6/site-packages/sklearn/metrics/_classification.py:1248: UndefinedMetricWarning: Recall and F-score are ill-defined and being set to 0.0 in labels with no true samples. Use `zero_division` parameter to control this behavior.
  _warn_prf(average, modifier, msg_start, len(result))
/home/data/anaconda3/envs/qxy_lxmert/lib/python3.6/site-packages/sklearn/metrics/_classification.py:1248: UndefinedMetricWarning: Recall and F-score are ill-defined and being set to 0.0 in labels with no true samples. Use `zero_division` parameter to control this behavior.
  _warn_prf(average, modifier, msg_start, len(result))
/home/data/anaconda3/envs/qxy_lxmert/lib/python3.6/site-packages/sklearn/metrics/_classification.py:1248: UndefinedMetricWarning: Recall and F-score are ill-defined and being set to 0.0 in labels with no true samples. Use `zero_division` parameter to control this behavior.
  _warn_prf(average, modifier, msg_start, len(result))
/home/data/anaconda3/envs/qxy_lxmert/lib/python3.6/site-packages/sklearn/metrics/_classification.py:1248: UndefinedMetricWarning: Recall is ill-defined and being set to 0.0 in labels with no true samples. Use `zero_division` parameter to control this behavior.
  _warn_prf(average, modifier, msg_start, len(result))
/home/data/anaconda3/envs/qxy_lxmert/lib/python3.6/site-packages/sklearn/metrics/_classification.py:1248: UndefinedMetricWarning: Recall and F-score are ill-defined and being set to 0.0 in labels with no true samples. Use `zero_division` parameter to control this behavior.
  _warn_prf(average, modifier, msg_start, len(result))
/home/data/anaconda3/envs/qxy_lxmert/lib/python3.6/site-packages/sklearn/metrics/_classification.py:1248: UndefinedMetricWarning: Recall and F-score are ill-defined and being set to 0.0 in labels with no true samples. Use `zero_division` parameter to control this behavior.
  _warn_prf(average, modifier, msg_start, len(result))
/home/data/anaconda3/envs/qxy_lxmert/lib/python3.6/site-packages/sklearn/metrics/_classification.py:1248: UndefinedMetricWarning: Recall and F-score are ill-defined and being set to 0.0 in labels with no true samples. Use `zero_division` parameter to control this behavior.
  _warn_prf(average, modifier, msg_start, len(result))
/home/data/anaconda3/envs/qxy_lxmert/lib/python3.6/site-packages/sklearn/metrics/_classification.py:1248: UndefinedMetricWarning: Recall is ill-defined and being set to 0.0 in labels with no true samples. Use `zero_division` parameter to control this behavior.
  _warn_prf(average, modifier, msg_start, len(result))
/home/data/anaconda3/envs/qxy_lxmert/lib/python3.6/site-packages/sklearn/metrics/_classification.py:1248: UndefinedMetricWarning: Recall and F-score are ill-defined and being set to 0.0 in labels with no true samples. Use `zero_division` parameter to control this behavior.
  _warn_prf(average, modifier, msg_start, len(result))
/home/data/anaconda3/envs/qxy_lxmert/lib/python3.6/site-packages/sklearn/metrics/_classification.py:1248: UndefinedMetricWarning: Recall and F-score are ill-defined and being set to 0.0 in labels with no true samples. Use `zero_division` parameter to control this behavior.
  _warn_prf(average, modifier, msg_start, len(result))
/home/data/anaconda3/envs/qxy_lxmert/lib/python3.6/site-packages/sklearn/metrics/_classification.py:1248: UndefinedMetricWarning: Recall and F-score are ill-defined and being set to 0.0 in labels with no true samples. Use `zero_division` parameter to control this behavior.
  _warn_prf(average, modifier, msg_start, len(result))
/home/data/anaconda3/envs/qxy_lxmert/lib/python3.6/site-packages/sklearn/metrics/_classification.py:1248: UndefinedMetricWarning: Recall is ill-defined and being set to 0.0 in labels with no true samples. Use `zero_division` parameter to control this behavior.
  _warn_prf(average, modifier, msg_start, len(result))
/home/data/anaconda3/envs/qxy_lxmert/lib/python3.6/site-packages/sklearn/metrics/_classification.py:1248: UndefinedMetricWarning: Recall and F-score are ill-defined and being set to 0.0 in labels with no true samples. Use `zero_division` parameter to control this behavior.
  _warn_prf(average, modifier, msg_start, len(result))
/home/data/anaconda3/envs/qxy_lxmert/lib/python3.6/site-packages/sklearn/metrics/_classification.py:1248: UndefinedMetricWarning: Recall and F-score are ill-defined and being set to 0.0 in labels with no true samples. Use `zero_division` parameter to control this behavior.
  _warn_prf(average, modifier, msg_start, len(result))
/home/data/anaconda3/envs/qxy_lxmert/lib/python3.6/site-packages/sklearn/metrics/_classification.py:1248: UndefinedMetricWarning: Recall and F-score are ill-defined and being set to 0.0 in labels with no true samples. Use `zero_division` parameter to control this behavior.
  _warn_prf(average, modifier, msg_start, len(result))
/home/data/anaconda3/envs/qxy_lxmert/lib/python3.6/site-packages/sklearn/metrics/_classification.py:1248: UndefinedMetricWarning: Recall is ill-defined and being set to 0.0 in labels with no true samples. Use `zero_division` parameter to control this behavior.
  _warn_prf(average, modifier, msg_start, len(result))
/home/data/anaconda3/envs/qxy_lxmert/lib/python3.6/site-packages/sklearn/metrics/_classification.py:1248: UndefinedMetricWarning: Recall and F-score are ill-defined and being set to 0.0 in labels with no true samples. Use `zero_division` parameter to control this behavior.
  _warn_prf(average, modifier, msg_start, len(result))
/home/data/anaconda3/envs/qxy_lxmert/lib/python3.6/site-packages/sklearn/metrics/_classification.py:1248: UndefinedMetricWarning: Recall and F-score are ill-defined and being set to 0.0 in labels with no true samples. Use `zero_division` parameter to control this behavior.
  _warn_prf(average, modifier, msg_start, len(result))
/home/data/anaconda3/envs/qxy_lxmert/lib/python3.6/site-packages/sklearn/metrics/_classification.py:1248: UndefinedMetricWarning: Recall and F-score are ill-defined and being set to 0.0 in labels with no true samples. Use `zero_division` parameter to control this behavior.
  _warn_prf(average, modifier, msg_start, len(result))
/home/data/anaconda3/envs/qxy_lxmert/lib/python3.6/site-packages/sklearn/metrics/_classification.py:1248: UndefinedMetricWarning: Recall is ill-defined and being set to 0.0 in labels with no true samples. Use `zero_division` parameter to control this behavior.
  _warn_prf(average, modifier, msg_start, len(result))
/home/data/anaconda3/envs/qxy_lxmert/lib/python3.6/site-packages/sklearn/metrics/_classification.py:1248: UndefinedMetricWarning: Recall and F-score are ill-defined and being set to 0.0 in labels with no true samples. Use `zero_division` parameter to control this behavior.
  _warn_prf(average, modifier, msg_start, len(result))
/home/data/anaconda3/envs/qxy_lxmert/lib/python3.6/site-packages/sklearn/metrics/_classification.py:1248: UndefinedMetricWarning: Recall and F-score are ill-defined and being set to 0.0 in labels with no true samples. Use `zero_division` parameter to control this behavior.
  _warn_prf(average, modifier, msg_start, len(result))
/home/data/anaconda3/envs/qxy_lxmert/lib/python3.6/site-packages/sklearn/metrics/_classification.py:1248: UndefinedMetricWarning: Recall and F-score are ill-defined and being set to 0.0 in labels with no true samples. Use `zero_division` parameter to control this behavior.
  _warn_prf(average, modifier, msg_start, len(result))
/home/data/anaconda3/envs/qxy_lxmert/lib/python3.6/site-packages/sklearn/metrics/_classification.py:1248: UndefinedMetricWarning: Recall is ill-defined and being set to 0.0 in labels with no true samples. Use `zero_division` parameter to control this behavior.
  _warn_prf(average, modifier, msg_start, len(result))
/home/data/anaconda3/envs/qxy_lxmert/lib/python3.6/site-packages/sklearn/metrics/_classification.py:1248: UndefinedMetricWarning: Recall and F-score are ill-defined and being set to 0.0 in labels with no true samples. Use `zero_division` parameter to control this behavior.
  _warn_prf(average, modifier, msg_start, len(result))
/home/data/anaconda3/envs/qxy_lxmert/lib/python3.6/site-packages/sklearn/metrics/_classification.py:1248: UndefinedMetricWarning: Recall and F-score are ill-defined and being set to 0.0 in labels with no true samples. Use `zero_division` parameter to control this behavior.
  _warn_prf(average, modifier, msg_start, len(result))
/home/data/anaconda3/envs/qxy_lxmert/lib/python3.6/site-packages/sklearn/metrics/_classification.py:1248: UndefinedMetricWarning: Recall and F-score are ill-defined and being set to 0.0 in labels with no true samples. Use `zero_division` parameter to control this behavior.
  _warn_prf(average, modifier, msg_start, len(result))
/home/data/anaconda3/envs/qxy_lxmert/lib/python3.6/site-packages/sklearn/metrics/_classification.py:1248: UndefinedMetricWarning: Recall is ill-defined and being set to 0.0 in labels with no true samples. Use `zero_division` parameter to control this behavior.
  _warn_prf(average, modifier, msg_start, len(result))
/home/data/anaconda3/envs/qxy_lxmert/lib/python3.6/site-packages/sklearn/metrics/_classification.py:1248: UndefinedMetricWarning: Recall and F-score are ill-defined and being set to 0.0 in labels with no true samples. Use `zero_division` parameter to control this behavior.
  _warn_prf(average, modifier, msg_start, len(result))
/home/data/anaconda3/envs/qxy_lxmert/lib/python3.6/site-packages/sklearn/metrics/_classification.py:1248: UndefinedMetricWarning: Recall and F-score are ill-defined and being set to 0.0 in labels with no true samples. Use `zero_division` parameter to control this behavior.
  _warn_prf(average, modifier, msg_start, len(result))
/home/data/anaconda3/envs/qxy_lxmert/lib/python3.6/site-packages/sklearn/metrics/_classification.py:1248: UndefinedMetricWarning: Recall and F-score are ill-defined and being set to 0.0 in labels with no true samples. Use `zero_division` parameter to control this behavior.
  _warn_prf(average, modifier, msg_start, len(result))
/home/data/anaconda3/envs/qxy_lxmert/lib/python3.6/site-packages/sklearn/metrics/_classification.py:1248: UndefinedMetricWarning: Recall is ill-defined and being set to 0.0 in labels with no true samples. Use `zero_division` parameter to control this behavior.
  _warn_prf(average, modifier, msg_start, len(result))
/home/data/anaconda3/envs/qxy_lxmert/lib/python3.6/site-packages/sklearn/metrics/_classification.py:1248: UndefinedMetricWarning: Recall and F-score are ill-defined and being set to 0.0 in labels with no true samples. Use `zero_division` parameter to control this behavior.
  _warn_prf(average, modifier, msg_start, len(result))

epoch:  11  step:0000,------------loss:3.840586
epoch:  11  step:0200,------------loss:5.550292
11  开始进行测试
              precision    recall  f1-score   support

           0       0.98      0.99      0.98    152505
           1       0.86      0.59      0.70      1973
           2       0.82      0.77      0.80      3851
           3       0.70      0.58      0.64      1331
           4       0.70      0.75      0.73      5670
           5       0.77      0.70      0.73      2877
           6       0.83      0.64      0.72      4394
           7       0.00      0.00      0.00         0

    accuracy                           0.95    172601
   macro avg       0.71      0.63      0.66    172601
weighted avg       0.95      0.95      0.95    172601

epoch:  12  step:0000,------------loss:3.538677
epoch:  12  step:0200,------------loss:5.213238
12  开始进行测试
              precision    recall  f1-score   support

           0       0.98      0.99      0.98    152505
           1       0.86      0.63      0.73      1973
           2       0.83      0.79      0.81      3851
           3       0.71      0.61      0.66      1331
           4       0.71      0.77      0.74      5670
           5       0.79      0.71      0.74      2877
           6       0.83      0.66      0.74      4394
           7       0.00      0.00      0.00         0

    accuracy                           0.96    172601
   macro avg       0.71      0.64      0.67    172601
weighted avg       0.95      0.96      0.95    172601

epoch:  13  step:0000,------------loss:3.265032
epoch:  13  step:0200,------------loss:4.862739
13  开始进行测试
              precision    recall  f1-score   support

           0       0.98      0.99      0.98    152505
           1       0.86      0.65      0.74      1973
           2       0.84      0.80      0.82      3851
           3       0.73      0.62      0.67      1331
           4       0.72      0.78      0.75      5670
           5       0.80      0.71      0.76      2877
           6       0.84      0.67      0.75      4394
           7       0.00      0.00      0.00         0

    accuracy                           0.96    172601
   macro avg       0.72      0.65      0.68    172601
weighted avg       0.96      0.96      0.96    172601

epoch:  14  step:0000,------------loss:3.088727
epoch:  14  step:0200,------------loss:4.554588
14  开始进行测试
              precision    recall  f1-score   support

           0       0.98      0.99      0.98    152505
           1       0.87      0.67      0.76      1973
           2       0.85      0.81      0.83      3851
           3       0.73      0.63      0.68      1331
           4       0.73      0.78      0.76      5670
           5       0.81      0.73      0.77      2877
           6       0.84      0.69      0.76      4394
           7       0.00      0.00      0.00         0

    accuracy                           0.96    172601
   macro avg       0.73      0.66      0.69    172601
weighted avg       0.96      0.96      0.96    172601

epoch:  15  step:0000,------------loss:3.150267
epoch:  15  step:0200,------------loss:4.269635
15  开始进行测试
              precision    recall  f1-score   support

           0       0.98      0.99      0.98    152505
           1       0.87      0.69      0.77      1973
           2       0.85      0.82      0.84      3851
           3       0.73      0.64      0.68      1331
           4       0.74      0.79      0.77      5670
           5       0.82      0.74      0.78      2877
           6       0.85      0.70      0.77      4394
           7       0.00      0.00      0.00         0

    accuracy                           0.96    172601
   macro avg       0.73      0.67      0.70    172601
weighted avg       0.96      0.96      0.96    172601

epoch:  16  step:0000,------------loss:3.191044
epoch:  16  step:0200,------------loss:4.068550
16  开始进行测试
              precision    recall  f1-score   support

           0       0.98      0.99      0.98    152505
           1       0.87      0.70      0.78      1973
           2       0.85      0.83      0.84      3851
           3       0.74      0.66      0.70      1331
           4       0.75      0.81      0.78      5670
           5       0.83      0.74      0.78      2877
           6       0.86      0.71      0.77      4394
           7       0.00      0.00      0.00         0

    accuracy                           0.96    172601
   macro avg       0.73      0.68      0.70    172601
weighted avg       0.96      0.96      0.96    172601

epoch:  17  step:0000,------------loss:2.895544
epoch:  17  step:0200,------------loss:3.762853
17  开始进行测试
              precision    recall  f1-score   support

           0       0.98      0.99      0.98    152505
           1       0.87      0.72      0.79      1973
           2       0.85      0.84      0.84      3851
           3       0.74      0.66      0.70      1331
           4       0.76      0.81      0.78      5670
           5       0.83      0.75      0.79      2877
           6       0.86      0.72      0.78      4394
           7       0.00      0.00      0.00         0

    accuracy                           0.96    172601
   macro avg       0.74      0.69      0.71    172601
weighted avg       0.96      0.96      0.96    172601

epoch:  18  step:0000,------------loss:2.898709
epoch:  18  step:0200,------------loss:3.450956
18  开始进行测试
              precision    recall  f1-score   support

           0       0.98      0.99      0.99    152505
           1       0.88      0.73      0.79      1973
           2       0.86      0.84      0.85      3851
           3       0.74      0.68      0.71      1331
           4       0.76      0.82      0.79      5670
           5       0.84      0.76      0.80      2877
           6       0.86      0.72      0.79      4394
           7       0.00      0.00      0.00         0

    accuracy                           0.96    172601
   macro avg       0.74      0.69      0.71    172601
weighted avg       0.96      0.96      0.96    172601

epoch:  19  step:0000,------------loss:2.725756
epoch:  19  step:0200,------------loss:3.207041
19  开始进行测试
              precision    recall  f1-score   support

           0       0.98      0.99      0.99    152505
           1       0.88      0.74      0.80      1973
           2       0.87      0.84      0.85      3851
           3       0.75      0.68      0.72      1331
           4       0.77      0.82      0.79      5670
           5       0.85      0.76      0.80      2877
           6       0.87      0.73      0.79      4394
           7       0.00      0.00      0.00         0

    accuracy                           0.96    172601
   macro avg       0.75      0.69      0.72    172601
weighted avg       0.96      0.96      0.96    172601

epoch:  20  step:0000,------------loss:2.431164
epoch:  20  step:0200,------------loss:3.266605
20  开始进行测试
              precision    recall  f1-score   support

           0       0.98      0.99      0.99    152505
           1       0.88      0.74      0.81      1973
           2       0.86      0.85      0.86      3851
           3       0.76      0.69      0.72      1331
           4       0.78      0.82      0.80      5670
           5       0.85      0.77      0.81      2877
           6       0.86      0.75      0.80      4394
           7       0.00      0.00      0.00         0

    accuracy                           0.97    172601
   macro avg       0.75      0.70      0.72    172601
weighted avg       0.97      0.97      0.97    172601

epoch:  21  step:0000,------------loss:2.348350
epoch:  21  step:0200,------------loss:3.013421
21  开始进行测试
              precision    recall  f1-score   support

           0       0.98      0.99      0.99    152505
           1       0.89      0.74      0.81      1973
           2       0.87      0.85      0.86      3851
           3       0.76      0.69      0.72      1331
           4       0.78      0.82      0.80      5670
           5       0.85      0.77      0.81      2877
           6       0.87      0.75      0.80      4394
           7       0.00      0.00      0.00         0

    accuracy                           0.97    172601
   macro avg       0.75      0.70      0.72    172601
weighted avg       0.97      0.97      0.97    172601
/home/data/anaconda3/envs/qxy_lxmert/lib/python3.6/site-packages/sklearn/metrics/_classification.py:1248: UndefinedMetricWarning: Recall and F-score are ill-defined and being set to 0.0 in labels with no true samples. Use `zero_division` parameter to control this behavior.
  _warn_prf(average, modifier, msg_start, len(result))
/home/data/anaconda3/envs/qxy_lxmert/lib/python3.6/site-packages/sklearn/metrics/_classification.py:1248: UndefinedMetricWarning: Recall and F-score are ill-defined and being set to 0.0 in labels with no true samples. Use `zero_division` parameter to control this behavior.
  _warn_prf(average, modifier, msg_start, len(result))
/home/data/anaconda3/envs/qxy_lxmert/lib/python3.6/site-packages/sklearn/metrics/_classification.py:1248: UndefinedMetricWarning: Recall is ill-defined and being set to 0.0 in labels with no true samples. Use `zero_division` parameter to control this behavior.
  _warn_prf(average, modifier, msg_start, len(result))
/home/data/anaconda3/envs/qxy_lxmert/lib/python3.6/site-packages/sklearn/metrics/_classification.py:1248: UndefinedMetricWarning: Recall and F-score are ill-defined and being set to 0.0 in labels with no true samples. Use `zero_division` parameter to control this behavior.
  _warn_prf(average, modifier, msg_start, len(result))
/home/data/anaconda3/envs/qxy_lxmert/lib/python3.6/site-packages/sklearn/metrics/_classification.py:1248: UndefinedMetricWarning: Recall and F-score are ill-defined and being set to 0.0 in labels with no true samples. Use `zero_division` parameter to control this behavior.
  _warn_prf(average, modifier, msg_start, len(result))
/home/data/anaconda3/envs/qxy_lxmert/lib/python3.6/site-packages/sklearn/metrics/_classification.py:1248: UndefinedMetricWarning: Recall and F-score are ill-defined and being set to 0.0 in labels with no true samples. Use `zero_division` parameter to control this behavior.
  _warn_prf(average, modifier, msg_start, len(result))
/home/data/anaconda3/envs/qxy_lxmert/lib/python3.6/site-packages/sklearn/metrics/_classification.py:1248: UndefinedMetricWarning: Recall is ill-defined and being set to 0.0 in labels with no true samples. Use `zero_division` parameter to control this behavior.
  _warn_prf(average, modifier, msg_start, len(result))
/home/data/anaconda3/envs/qxy_lxmert/lib/python3.6/site-packages/sklearn/metrics/_classification.py:1248: UndefinedMetricWarning: Recall and F-score are ill-defined and being set to 0.0 in labels with no true samples. Use `zero_division` parameter to control this behavior.
  _warn_prf(average, modifier, msg_start, len(result))
/home/data/anaconda3/envs/qxy_lxmert/lib/python3.6/site-packages/sklearn/metrics/_classification.py:1248: UndefinedMetricWarning: Recall and F-score are ill-defined and being set to 0.0 in labels with no true samples. Use `zero_division` parameter to control this behavior.
  _warn_prf(average, modifier, msg_start, len(result))
/home/data/anaconda3/envs/qxy_lxmert/lib/python3.6/site-packages/sklearn/metrics/_classification.py:1248: UndefinedMetricWarning: Recall and F-score are ill-defined and being set to 0.0 in labels with no true samples. Use `zero_division` parameter to control this behavior.
  _warn_prf(average, modifier, msg_start, len(result))
/home/data/anaconda3/envs/qxy_lxmert/lib/python3.6/site-packages/sklearn/metrics/_classification.py:1248: UndefinedMetricWarning: Recall is ill-defined and being set to 0.0 in labels with no true samples. Use `zero_division` parameter to control this behavior.
  _warn_prf(average, modifier, msg_start, len(result))
/home/data/anaconda3/envs/qxy_lxmert/lib/python3.6/site-packages/sklearn/metrics/_classification.py:1248: UndefinedMetricWarning: Recall and F-score are ill-defined and being set to 0.0 in labels with no true samples. Use `zero_division` parameter to control this behavior.
  _warn_prf(average, modifier, msg_start, len(result))
/home/data/anaconda3/envs/qxy_lxmert/lib/python3.6/site-packages/sklearn/metrics/_classification.py:1248: UndefinedMetricWarning: Recall and F-score are ill-defined and being set to 0.0 in labels with no true samples. Use `zero_division` parameter to control this behavior.
  _warn_prf(average, modifier, msg_start, len(result))
/home/data/anaconda3/envs/qxy_lxmert/lib/python3.6/site-packages/sklearn/metrics/_classification.py:1248: UndefinedMetricWarning: Recall and F-score are ill-defined and being set to 0.0 in labels with no true samples. Use `zero_division` parameter to control this behavior.
  _warn_prf(average, modifier, msg_start, len(result))
/home/data/anaconda3/envs/qxy_lxmert/lib/python3.6/site-packages/sklearn/metrics/_classification.py:1248: UndefinedMetricWarning: Recall is ill-defined and being set to 0.0 in labels with no true samples. Use `zero_division` parameter to control this behavior.
  _warn_prf(average, modifier, msg_start, len(result))
/home/data/anaconda3/envs/qxy_lxmert/lib/python3.6/site-packages/sklearn/metrics/_classification.py:1248: UndefinedMetricWarning: Recall and F-score are ill-defined and being set to 0.0 in labels with no true samples. Use `zero_division` parameter to control this behavior.
  _warn_prf(average, modifier, msg_start, len(result))
/home/data/anaconda3/envs/qxy_lxmert/lib/python3.6/site-packages/sklearn/metrics/_classification.py:1248: UndefinedMetricWarning: Recall and F-score are ill-defined and being set to 0.0 in labels with no true samples. Use `zero_division` parameter to control this behavior.
  _warn_prf(average, modifier, msg_start, len(result))
/home/data/anaconda3/envs/qxy_lxmert/lib/python3.6/site-packages/sklearn/metrics/_classification.py:1248: UndefinedMetricWarning: Recall and F-score are ill-defined and being set to 0.0 in labels with no true samples. Use `zero_division` parameter to control this behavior.
  _warn_prf(average, modifier, msg_start, len(result))
/home/data/anaconda3/envs/qxy_lxmert/lib/python3.6/site-packages/sklearn/metrics/_classification.py:1248: UndefinedMetricWarning: Recall is ill-defined and being set to 0.0 in labels with no true samples. Use `zero_division` parameter to control this behavior.
  _warn_prf(average, modifier, msg_start, len(result))
/home/data/anaconda3/envs/qxy_lxmert/lib/python3.6/site-packages/sklearn/metrics/_classification.py:1248: UndefinedMetricWarning: Recall and F-score are ill-defined and being set to 0.0 in labels with no true samples. Use `zero_division` parameter to control this behavior.
  _warn_prf(average, modifier, msg_start, len(result))
/home/data/anaconda3/envs/qxy_lxmert/lib/python3.6/site-packages/sklearn/metrics/_classification.py:1248: UndefinedMetricWarning: Recall and F-score are ill-defined and being set to 0.0 in labels with no true samples. Use `zero_division` parameter to control this behavior.
  _warn_prf(average, modifier, msg_start, len(result))
/home/data/anaconda3/envs/qxy_lxmert/lib/python3.6/site-packages/sklearn/metrics/_classification.py:1248: UndefinedMetricWarning: Recall and F-score are ill-defined and being set to 0.0 in labels with no true samples. Use `zero_division` parameter to control this behavior.
  _warn_prf(average, modifier, msg_start, len(result))
/home/data/anaconda3/envs/qxy_lxmert/lib/python3.6/site-packages/sklearn/metrics/_classification.py:1248: UndefinedMetricWarning: Recall is ill-defined and being set to 0.0 in labels with no true samples. Use `zero_division` parameter to control this behavior.
  _warn_prf(average, modifier, msg_start, len(result))
/home/data/anaconda3/envs/qxy_lxmert/lib/python3.6/site-packages/sklearn/metrics/_classification.py:1248: UndefinedMetricWarning: Recall and F-score are ill-defined and being set to 0.0 in labels with no true samples. Use `zero_division` parameter to control this behavior.
  _warn_prf(average, modifier, msg_start, len(result))
/home/data/anaconda3/envs/qxy_lxmert/lib/python3.6/site-packages/sklearn/metrics/_classification.py:1248: UndefinedMetricWarning: Recall and F-score are ill-defined and being set to 0.0 in labels with no true samples. Use `zero_division` parameter to control this behavior.
  _warn_prf(average, modifier, msg_start, len(result))
/home/data/anaconda3/envs/qxy_lxmert/lib/python3.6/site-packages/sklearn/metrics/_classification.py:1248: UndefinedMetricWarning: Recall and F-score are ill-defined and being set to 0.0 in labels with no true samples. Use `zero_division` parameter to control this behavior.
  _warn_prf(average, modifier, msg_start, len(result))
/home/data/anaconda3/envs/qxy_lxmert/lib/python3.6/site-packages/sklearn/metrics/_classification.py:1248: UndefinedMetricWarning: Recall is ill-defined and being set to 0.0 in labels with no true samples. Use `zero_division` parameter to control this behavior.
  _warn_prf(average, modifier, msg_start, len(result))
/home/data/anaconda3/envs/qxy_lxmert/lib/python3.6/site-packages/sklearn/metrics/_classification.py:1248: UndefinedMetricWarning: Recall and F-score are ill-defined and being set to 0.0 in labels with no true samples. Use `zero_division` parameter to control this behavior.
  _warn_prf(average, modifier, msg_start, len(result))
/home/data/anaconda3/envs/qxy_lxmert/lib/python3.6/site-packages/sklearn/metrics/_classification.py:1248: UndefinedMetricWarning: Recall and F-score are ill-defined and being set to 0.0 in labels with no true samples. Use `zero_division` parameter to control this behavior.
  _warn_prf(average, modifier, msg_start, len(result))
/home/data/anaconda3/envs/qxy_lxmert/lib/python3.6/site-packages/sklearn/metrics/_classification.py:1248: UndefinedMetricWarning: Recall and F-score are ill-defined and being set to 0.0 in labels with no true samples. Use `zero_division` parameter to control this behavior.
  _warn_prf(average, modifier, msg_start, len(result))
/home/data/anaconda3/envs/qxy_lxmert/lib/python3.6/site-packages/sklearn/metrics/_classification.py:1248: UndefinedMetricWarning: Recall is ill-defined and being set to 0.0 in labels with no true samples. Use `zero_division` parameter to control this behavior.
  _warn_prf(average, modifier, msg_start, len(result))
/home/data/anaconda3/envs/qxy_lxmert/lib/python3.6/site-packages/sklearn/metrics/_classification.py:1248: UndefinedMetricWarning: Recall and F-score are ill-defined and being set to 0.0 in labels with no true samples. Use `zero_division` parameter to control this behavior.
  _warn_prf(average, modifier, msg_start, len(result))
/home/data/anaconda3/envs/qxy_lxmert/lib/python3.6/site-packages/sklearn/metrics/_classification.py:1248: UndefinedMetricWarning: Recall and F-score are ill-defined and being set to 0.0 in labels with no true samples. Use `zero_division` parameter to control this behavior.
  _warn_prf(average, modifier, msg_start, len(result))
/home/data/anaconda3/envs/qxy_lxmert/lib/python3.6/site-packages/sklearn/metrics/_classification.py:1248: UndefinedMetricWarning: Recall and F-score are ill-defined and being set to 0.0 in labels with no true samples. Use `zero_division` parameter to control this behavior.
  _warn_prf(average, modifier, msg_start, len(result))
/home/data/anaconda3/envs/qxy_lxmert/lib/python3.6/site-packages/sklearn/metrics/_classification.py:1248: UndefinedMetricWarning: Recall is ill-defined and being set to 0.0 in labels with no true samples. Use `zero_division` parameter to control this behavior.
  _warn_prf(average, modifier, msg_start, len(result))
/home/data/anaconda3/envs/qxy_lxmert/lib/python3.6/site-packages/sklearn/metrics/_classification.py:1248: UndefinedMetricWarning: Recall and F-score are ill-defined and being set to 0.0 in labels with no true samples. Use `zero_division` parameter to control this behavior.
  _warn_prf(average, modifier, msg_start, len(result))
/home/data/anaconda3/envs/qxy_lxmert/lib/python3.6/site-packages/sklearn/metrics/_classification.py:1248: UndefinedMetricWarning: Recall and F-score are ill-defined and being set to 0.0 in labels with no true samples. Use `zero_division` parameter to control this behavior.
  _warn_prf(average, modifier, msg_start, len(result))
/home/data/anaconda3/envs/qxy_lxmert/lib/python3.6/site-packages/sklearn/metrics/_classification.py:1248: UndefinedMetricWarning: Recall and F-score are ill-defined and being set to 0.0 in labels with no true samples. Use `zero_division` parameter to control this behavior.
  _warn_prf(average, modifier, msg_start, len(result))
/home/data/anaconda3/envs/qxy_lxmert/lib/python3.6/site-packages/sklearn/metrics/_classification.py:1248: UndefinedMetricWarning: Recall is ill-defined and being set to 0.0 in labels with no true samples. Use `zero_division` parameter to control this behavior.
  _warn_prf(average, modifier, msg_start, len(result))
/home/data/anaconda3/envs/qxy_lxmert/lib/python3.6/site-packages/sklearn/metrics/_classification.py:1248: UndefinedMetricWarning: Recall and F-score are ill-defined and being set to 0.0 in labels with no true samples. Use `zero_division` parameter to control this behavior.
  _warn_prf(average, modifier, msg_start, len(result))
/home/data/anaconda3/envs/qxy_lxmert/lib/python3.6/site-packages/sklearn/metrics/_classification.py:1248: UndefinedMetricWarning: Recall and F-score are ill-defined and being set to 0.0 in labels with no true samples. Use `zero_division` parameter to control this behavior.
  _warn_prf(average, modifier, msg_start, len(result))
/home/data/anaconda3/envs/qxy_lxmert/lib/python3.6/site-packages/sklearn/metrics/_classification.py:1248: UndefinedMetricWarning: Recall and F-score are ill-defined and being set to 0.0 in labels with no true samples. Use `zero_division` parameter to control this behavior.
  _warn_prf(average, modifier, msg_start, len(result))

epoch:  22  step:0000,------------loss:2.276321
epoch:  22  step:0200,------------loss:2.866565
22  开始进行测试
              precision    recall  f1-score   support

           0       0.98      0.99      0.99    152505
           1       0.89      0.74      0.81      1973
           2       0.87      0.85      0.86      3851
           3       0.77      0.70      0.73      1331
           4       0.78      0.83      0.80      5670
           5       0.86      0.77      0.81      2877
           6       0.87      0.75      0.81      4394
           7       0.00      0.00      0.00         0

    accuracy                           0.97    172601
   macro avg       0.75      0.70      0.73    172601
weighted avg       0.97      0.97      0.97    172601

epoch:  23  step:0000,------------loss:1.989923
epoch:  23  step:0200,------------loss:2.519106
23  开始进行测试
              precision    recall  f1-score   support

           0       0.98      0.99      0.99    152505
           1       0.88      0.75      0.81      1973
           2       0.87      0.86      0.86      3851
           3       0.77      0.70      0.74      1331
           4       0.79      0.83      0.81      5670
           5       0.85      0.78      0.81      2877
           6       0.87      0.76      0.81      4394
           7       0.00      0.00      0.00         0

    accuracy                           0.97    172601
   macro avg       0.75      0.71      0.73    172601
weighted avg       0.97      0.97      0.97    172601

epoch:  24  step:0000,------------loss:2.157378
epoch:  24  step:0200,------------loss:2.500452
24  开始进行测试
              precision    recall  f1-score   support

           0       0.98      0.99      0.99    152505
           1       0.88      0.75      0.81      1973
           2       0.87      0.86      0.86      3851
           3       0.76      0.72      0.74      1331
           4       0.78      0.84      0.81      5670
           5       0.86      0.77      0.82      2877
           6       0.88      0.76      0.81      4394
           7       0.00      0.00      0.00         0

    accuracy                           0.97    172601
   macro avg       0.75      0.71      0.73    172601
weighted avg       0.97      0.97      0.97    172601

epoch:  25  step:0000,------------loss:1.944753
epoch:  25  step:0200,------------loss:2.216588
25  开始进行测试
              precision    recall  f1-score   support

           0       0.98      0.99      0.99    152505
           1       0.89      0.75      0.81      1973
           2       0.87      0.86      0.86      3851
           3       0.78      0.71      0.74      1331
           4       0.80      0.84      0.82      5670
           5       0.87      0.78      0.82      2877
           6       0.88      0.77      0.82      4394
           7       0.00      0.00      0.00         0

    accuracy                           0.97    172601
   macro avg       0.76      0.71      0.73    172601
weighted avg       0.97      0.97      0.97    172601

epoch:  26  step:0000,------------loss:1.999485
epoch:  26  step:0200,------------loss:2.307242
26  开始进行测试
              precision    recall  f1-score   support

           0       0.98      0.99      0.99    152505
           1       0.89      0.75      0.82      1973
           2       0.87      0.86      0.87      3851
           3       0.78      0.71      0.74      1331
           4       0.80      0.83      0.82      5670
           5       0.87      0.78      0.82      2877
           6       0.88      0.77      0.82      4394
           7       0.00      0.00      0.00         0

    accuracy                           0.97    172601
   macro avg       0.76      0.71      0.73    172601
weighted avg       0.97      0.97      0.97    172601

epoch:  27  step:0000,------------loss:1.864342
epoch:  27  step:0200,------------loss:2.312308
27  开始进行测试
              precision    recall  f1-score   support

           0       0.98      0.99      0.99    152505
           1       0.89      0.76      0.82      1973
           2       0.87      0.86      0.87      3851
           3       0.77      0.72      0.74      1331
           4       0.79      0.84      0.82      5670
           5       0.87      0.78      0.82      2877
           6       0.88      0.77      0.82      4394
           7       0.00      0.00      0.00         0

    accuracy                           0.97    172601
   macro avg       0.76      0.72      0.73    172601
weighted avg       0.97      0.97      0.97    172601

epoch:  28  step:0000,------------loss:1.741011
epoch:  28  step:0200,------------loss:1.870384
28  开始进行测试
              precision    recall  f1-score   support

           0       0.99      0.99      0.99    152505
           1       0.89      0.75      0.81      1973
           2       0.88      0.84      0.86      3851
           3       0.72      0.76      0.74      1331
           4       0.73      0.87      0.80      5670
           5       0.88      0.76      0.82      2877
           6       0.88      0.74      0.81      4394
           7       0.00      0.00      0.00         0

    accuracy                           0.97    172601
   macro avg       0.75      0.72      0.73    172601
weighted avg       0.97      0.97      0.97    172601

epoch:  29  step:0000,------------loss:1.612077
epoch:  29  step:0200,------------loss:1.752332
29  开始进行测试
              precision    recall  f1-score   support

           0       0.98      0.99      0.99    152505
           1       0.89      0.76      0.82      1973
           2       0.87      0.87      0.87      3851
           3       0.78      0.73      0.75      1331
           4       0.79      0.84      0.82      5670
           5       0.88      0.78      0.83      2877
           6       0.89      0.77      0.82      4394
           7       0.00      0.00      0.00         0

    accuracy                           0.97    172601
   macro avg       0.76      0.72      0.74    172601
weighted avg       0.97      0.97      0.97    172601

程序运行时间: 7时36分22.66秒
程序已结束 ！
