2022-01-03 09:28:17,733:INFO: Loading the datasets...
2022-01-03 09:28:26,509:INFO: - done.
2022-01-03 09:28:26,610:INFO: Starting training for 100 epoch(s)
2022-01-03 09:28:26,611:INFO: Epoch 1/100
2022-01-03 09:29:03,175:INFO: - Train metrics: precison: 46.28; recall: 27.72; f1: 34.67; loss: 02.88
2022-01-03 09:29:03,664:INFO: - Eval metrics: precison: 45.81; recall: 27.32; f1: 34.23
2022-01-03 09:29:03,709:INFO: - Found new best F1
2022-01-03 09:29:03,709:INFO: Epoch 2/100
2022-01-03 09:29:40,650:INFO: - Train metrics: precison: 57.57; recall: 59.91; f1: 58.72; loss: 02.27
2022-01-03 09:29:41,058:INFO: - Eval metrics: precison: 56.73; recall: 58.35; f1: 57.53
2022-01-03 09:29:41,204:INFO: - Found new best F1
2022-01-03 09:29:41,204:INFO: Epoch 3/100
2022-01-03 09:30:17,852:INFO: - Train metrics: precison: 63.11; recall: 68.32; f1: 65.61; loss: 01.92
2022-01-03 09:30:18,195:INFO: - Eval metrics: precison: 62.52; recall: 66.56; f1: 64.48
2022-01-03 09:30:18,345:INFO: - Found new best F1
2022-01-03 09:30:18,345:INFO: Epoch 4/100
2022-01-03 09:30:54,716:INFO: - Train metrics: precison: 65.84; recall: 73.11; f1: 69.28; loss: 01.75
2022-01-03 09:30:55,074:INFO: - Eval metrics: precison: 64.94; recall: 71.21; f1: 67.93
2022-01-03 09:30:55,247:INFO: - Found new best F1
2022-01-03 09:30:55,248:INFO: Epoch 5/100
2022-01-03 09:31:31,050:INFO: - Train metrics: precison: 68.00; recall: 75.63; f1: 71.61; loss: 01.67
2022-01-03 09:31:31,393:INFO: - Eval metrics: precison: 67.67; recall: 73.93; f1: 70.66
2022-01-03 09:31:31,477:INFO: - Found new best F1
2022-01-03 09:31:31,478:INFO: Epoch 6/100
2022-01-03 09:32:08,053:INFO: - Train metrics: precison: 67.39; recall: 76.81; f1: 71.79; loss: 01.59
2022-01-03 09:32:08,403:INFO: - Eval metrics: precison: 66.60; recall: 74.69; f1: 70.41
2022-01-03 09:32:08,522:INFO: Epoch 7/100
2022-01-03 09:32:45,404:INFO: - Train metrics: precison: 68.18; recall: 77.63; f1: 72.60; loss: 01.54
2022-01-03 09:32:45,883:INFO: - Eval metrics: precison: 66.96; recall: 75.36; f1: 70.91
2022-01-03 09:32:46,023:INFO: - Found new best F1
2022-01-03 09:32:46,023:INFO: Epoch 8/100
2022-01-03 09:33:19,358:INFO: - Train metrics: precison: 69.86; recall: 78.01; f1: 73.71; loss: 01.52
2022-01-03 09:33:19,826:INFO: - Eval metrics: precison: 68.24; recall: 75.00; f1: 71.46
2022-01-03 09:33:19,910:INFO: - Found new best F1
2022-01-03 09:33:19,910:INFO: Epoch 9/100
2022-01-03 09:33:56,812:INFO: - Train metrics: precison: 71.13; recall: 80.39; f1: 75.48; loss: 01.49
2022-01-03 09:33:57,151:INFO: - Eval metrics: precison: 69.18; recall: 76.88; f1: 72.83
2022-01-03 09:33:57,258:INFO: - Found new best F1
2022-01-03 09:33:57,259:INFO: Epoch 10/100
2022-01-03 09:34:34,024:INFO: - Train metrics: precison: 70.87; recall: 79.76; f1: 75.05; loss: 01.45
