2021-12-30 18:44:07,505:INFO: Loading the datasets...
2021-12-30 18:44:16,468:INFO: - done.
2021-12-30 18:44:20,306:INFO: Starting training for 100 epoch(s)
2021-12-30 18:44:20,307:INFO: Epoch 1/100
2021-12-30 18:44:53,558:INFO: - Train metrics: precison: 52.55; recall: 24.51; f1: 33.43; loss: 02.67
2021-12-30 18:44:53,745:INFO: - Eval metrics: precison: 51.92; recall: 23.39; f1: 32.25
2021-12-30 18:44:53,784:INFO: - Found new best F1
2021-12-30 18:44:53,784:INFO: Epoch 2/100
2021-12-30 18:45:24,830:INFO: - Train metrics: precison: 61.30; recall: 57.33; f1: 59.25; loss: 02.17
2021-12-30 18:45:25,016:INFO: - Eval metrics: precison: 61.37; recall: 56.38; f1: 58.77
2021-12-30 18:45:25,218:INFO: - Found new best F1
2021-12-30 18:45:25,218:INFO: Epoch 3/100
2021-12-30 18:45:57,244:INFO: - Train metrics: precison: 67.04; recall: 69.82; f1: 68.40; loss: 01.68
2021-12-30 18:45:57,439:INFO: - Eval metrics: precison: 67.71; recall: 69.19; f1: 68.44
2021-12-30 18:45:57,619:INFO: - Found new best F1
2021-12-30 18:45:57,620:INFO: Epoch 4/100
2021-12-30 18:46:29,617:INFO: - Train metrics: precison: 70.01; recall: 74.67; f1: 72.27; loss: 01.44
2021-12-30 18:46:30,399:INFO: - Eval metrics: precison: 69.12; recall: 73.37; f1: 71.18
2021-12-30 18:46:30,552:INFO: - Found new best F1
2021-12-30 18:46:30,552:INFO: Epoch 5/100
2021-12-30 18:47:01,692:INFO: - Train metrics: precison: 72.77; recall: 78.42; f1: 75.49; loss: 01.28
2021-12-30 18:47:02,216:INFO: - Eval metrics: precison: 70.86; recall: 75.68; f1: 73.19
2021-12-30 18:47:02,320:INFO: - Found new best F1
2021-12-30 18:47:02,320:INFO: Epoch 6/100
2021-12-30 18:47:34,209:INFO: - Train metrics: precison: 74.52; recall: 81.08; f1: 77.66; loss: 01.20
2021-12-30 18:47:34,397:INFO: - Eval metrics: precison: 72.17; recall: 77.37; f1: 74.68
2021-12-30 18:47:34,557:INFO: - Found new best F1
2021-12-30 18:47:34,557:INFO: Epoch 7/100
2021-12-30 18:48:07,483:INFO: - Train metrics: precison: 75.54; recall: 83.37; f1: 79.26; loss: 01.13
2021-12-30 18:48:07,688:INFO: - Eval metrics: precison: 71.81; recall: 78.84; f1: 75.16
2021-12-30 18:48:07,826:INFO: - Found new best F1
2021-12-30 18:48:07,827:INFO: Epoch 8/100
2021-12-30 18:48:37,957:INFO: - Train metrics: precison: 77.05; recall: 84.67; f1: 80.68; loss: 01.07
2021-12-30 18:48:38,147:INFO: - Eval metrics: precison: 72.99; recall: 79.41; f1: 76.06
2021-12-30 18:48:38,321:INFO: - Found new best F1
2021-12-30 18:48:38,321:INFO: Epoch 9/100
2021-12-30 18:49:10,802:INFO: - Train metrics: precison: 78.52; recall: 85.75; f1: 81.98; loss: 01.00
2021-12-30 18:49:11,002:INFO: - Eval metrics: precison: 73.48; recall: 80.08; f1: 76.64
2021-12-30 18:49:11,203:INFO: - Found new best F1
2021-12-30 18:49:11,203:INFO: Epoch 10/100
2021-12-30 18:49:43,218:INFO: - Train metrics: precison: 80.11; recall: 87.28; f1: 83.54; loss: 00.97
2021-12-30 18:49:44,412:INFO: - Eval metrics: precison: 74.09; recall: 80.21; f1: 77.03
2021-12-30 18:49:44,578:INFO: - Found new best F1
2021-12-30 18:49:44,578:INFO: Epoch 11/100
2021-12-30 18:50:16,072:INFO: - Train metrics: precison: 81.04; recall: 88.30; f1: 84.52; loss: 00.92
2021-12-30 18:50:16,301:INFO: - Eval metrics: precison: 74.59; recall: 80.92; f1: 77.63
2021-12-30 18:50:16,474:INFO: - Found new best F1
2021-12-30 18:50:16,475:INFO: Epoch 12/100
2021-12-30 18:50:48,869:INFO: - Train metrics: precison: 81.49; recall: 88.79; f1: 84.98; loss: 00.89
2021-12-30 18:50:49,067:INFO: - Eval metrics: precison: 74.91; recall: 81.10; f1: 77.88
2021-12-30 18:50:49,200:INFO: - Found new best F1
2021-12-30 18:50:49,201:INFO: Epoch 13/100
2021-12-30 18:51:21,997:INFO: - Train metrics: precison: 82.11; recall: 89.77; f1: 85.77; loss: 00.87
2021-12-30 18:51:22,200:INFO: - Eval metrics: precison: 74.52; recall: 81.55; f1: 77.88
2021-12-30 18:51:22,246:INFO: Epoch 14/100
2021-12-30 18:51:52,904:INFO: - Train metrics: precison: 83.14; recall: 90.68; f1: 86.75; loss: 00.84
2021-12-30 18:51:53,139:INFO: - Eval metrics: precison: 75.13; recall: 81.81; f1: 78.33
2021-12-30 18:51:53,299:INFO: - Found new best F1
2021-12-30 18:51:53,299:INFO: Epoch 15/100
2021-12-30 18:52:25,905:INFO: - Train metrics: precison: 83.58; recall: 91.27; f1: 87.26; loss: 00.82
2021-12-30 18:52:26,103:INFO: - Eval metrics: precison: 75.36; recall: 82.13; f1: 78.60
2021-12-30 18:52:26,186:INFO: - Found new best F1
2021-12-30 18:52:26,186:INFO: Epoch 16/100
2021-12-30 18:52:59,093:INFO: - Train metrics: precison: 84.15; recall: 91.59; f1: 87.71; loss: 00.80
2021-12-30 18:52:59,295:INFO: - Eval metrics: precison: 75.01; recall: 81.55; f1: 78.14
2021-12-30 18:52:59,427:INFO: Epoch 17/100
2021-12-30 18:53:30,896:INFO: - Train metrics: precison: 84.77; recall: 91.97; f1: 88.22; loss: 00.78
2021-12-30 18:53:32,044:INFO: - Eval metrics: precison: 75.25; recall: 82.21; f1: 78.58
2021-12-30 18:53:32,108:INFO: Epoch 18/100
2021-12-30 18:54:03,696:INFO: - Train metrics: precison: 86.21; recall: 92.43; f1: 89.21; loss: 00.75
2021-12-30 18:54:03,909:INFO: - Eval metrics: precison: 76.14; recall: 81.73; f1: 78.83
2021-12-30 18:54:04,064:INFO: - Found new best F1
2021-12-30 18:54:04,065:INFO: Epoch 19/100
2021-12-30 18:54:35,922:INFO: - Train metrics: precison: 86.36; recall: 93.10; f1: 89.60; loss: 00.72
2021-12-30 18:54:36,134:INFO: - Eval metrics: precison: 75.72; recall: 81.81; f1: 78.65
2021-12-30 18:54:36,246:INFO: Epoch 20/100
2021-12-30 18:55:08,837:INFO: - Train metrics: precison: 86.57; recall: 94.10; f1: 90.18; loss: 00.71
2021-12-30 18:55:09,244:INFO: - Eval metrics: precison: 75.27; recall: 82.84; f1: 78.87
2021-12-30 18:55:09,395:INFO: - Found new best F1
2021-12-30 18:55:09,395:INFO: Epoch 21/100
2021-12-30 18:55:40,733:INFO: - Train metrics: precison: 87.25; recall: 93.95; f1: 90.47; loss: 00.69
2021-12-30 18:55:40,919:INFO: - Eval metrics: precison: 76.19; recall: 82.39; f1: 79.17
2021-12-30 18:55:41,078:INFO: - Found new best F1
2021-12-30 18:55:41,078:INFO: Epoch 22/100
2021-12-30 18:56:13,674:INFO: - Train metrics: precison: 87.83; recall: 94.37; f1: 90.98; loss: 00.67
2021-12-30 18:56:13,871:INFO: - Eval metrics: precison: 76.20; recall: 82.70; f1: 79.32
2021-12-30 18:56:14,054:INFO: - Found new best F1
2021-12-30 18:56:14,054:INFO: Epoch 23/100
2021-12-30 18:56:47,078:INFO: - Train metrics: precison: 88.22; recall: 94.57; f1: 91.28; loss: 00.65
2021-12-30 18:56:47,253:INFO: - Eval metrics: precison: 76.00; recall: 82.39; f1: 79.07
2021-12-30 18:56:47,356:INFO: Epoch 24/100
2021-12-30 18:57:18,036:INFO: - Train metrics: precison: 89.71; recall: 94.69; f1: 92.13; loss: 00.64
2021-12-30 18:57:18,123:INFO: - Eval metrics: precison: 76.94; recall: 81.90; f1: 79.35
2021-12-30 18:57:18,261:INFO: - Found new best F1
2021-12-30 18:57:18,261:INFO: Epoch 25/100
2021-12-30 18:57:50,416:INFO: - Train metrics: precison: 89.72; recall: 95.17; f1: 92.36; loss: 00.61
2021-12-30 18:57:50,618:INFO: - Eval metrics: precison: 76.26; recall: 81.86; f1: 78.96
2021-12-30 18:57:50,658:INFO: Epoch 26/100
2021-12-30 18:58:21,854:INFO: - Train metrics: precison: 90.27; recall: 95.33; f1: 92.73; loss: 00.63
2021-12-30 18:58:22,676:INFO: - Eval metrics: precison: 76.75; recall: 81.77; f1: 79.18
2021-12-30 18:58:22,792:INFO: Epoch 27/100
2021-12-30 18:58:55,017:INFO: - Train metrics: precison: 89.87; recall: 95.63; f1: 92.66; loss: 00.63
2021-12-30 18:58:55,213:INFO: - Eval metrics: precison: 76.29; recall: 82.70; f1: 79.37
2021-12-30 18:58:55,338:INFO: - Found new best F1
2021-12-30 18:58:55,338:INFO: Epoch 28/100
2021-12-30 18:59:28,141:INFO: - Train metrics: precison: 90.30; recall: 95.74; f1: 92.94; loss: 00.59
2021-12-30 18:59:28,348:INFO: - Eval metrics: precison: 76.82; recall: 82.79; f1: 79.69
2021-12-30 18:59:28,511:INFO: - Found new best F1
2021-12-30 18:59:28,511:INFO: Epoch 29/100
2021-12-30 19:00:00,656:INFO: - Train metrics: precison: 90.17; recall: 96.13; f1: 93.05; loss: 00.58
2021-12-30 19:00:01,263:INFO: - Eval metrics: precison: 76.07; recall: 83.10; f1: 79.43
2021-12-30 19:00:01,383:INFO: Epoch 30/100
2021-12-30 19:00:31,791:INFO: - Train metrics: precison: 90.43; recall: 96.37; f1: 93.31; loss: 00.56
2021-12-30 19:00:31,982:INFO: - Eval metrics: precison: 76.21; recall: 83.19; f1: 79.55
2021-12-30 19:00:32,106:INFO: Epoch 31/100
2021-12-30 19:01:04,578:INFO: - Train metrics: precison: 92.04; recall: 96.48; f1: 94.21; loss: 00.55
2021-12-30 19:01:04,797:INFO: - Eval metrics: precison: 77.55; recall: 82.48; f1: 79.94
2021-12-30 19:01:04,902:INFO: - Found new best F1
2021-12-30 19:01:04,902:INFO: Epoch 32/100
2021-12-30 19:01:37,633:INFO: - Train metrics: precison: 91.77; recall: 96.65; f1: 94.15; loss: 00.57
2021-12-30 19:01:37,857:INFO: - Eval metrics: precison: 76.88; recall: 82.79; f1: 79.73
2021-12-30 19:01:37,930:INFO: Epoch 33/100
2021-12-30 19:02:10,345:INFO: - Train metrics: precison: 91.62; recall: 96.84; f1: 94.16; loss: 00.55
2021-12-30 19:02:10,547:INFO: - Eval metrics: precison: 76.46; recall: 83.46; f1: 79.80
2021-12-30 19:02:10,592:INFO: Epoch 34/100
2021-12-30 19:02:42,914:INFO: - Train metrics: precison: 91.87; recall: 97.07; f1: 94.40; loss: 00.54
2021-12-30 19:02:43,282:INFO: - Eval metrics: precison: 76.67; recall: 83.59; f1: 79.98
2021-12-30 19:02:43,457:INFO: - Found new best F1
2021-12-30 19:02:43,457:INFO: Epoch 35/100
2021-12-30 19:03:13,721:INFO: - Train metrics: precison: 92.47; recall: 97.28; f1: 94.82; loss: 00.53
2021-12-30 19:03:13,946:INFO: - Eval metrics: precison: 77.28; recall: 83.33; f1: 80.19
2021-12-30 19:03:14,068:INFO: - Found new best F1
2021-12-30 19:03:14,068:INFO: Epoch 36/100
2021-12-30 19:03:46,357:INFO: - Train metrics: precison: 92.96; recall: 97.34; f1: 95.10; loss: 00.52
2021-12-30 19:03:46,565:INFO: - Eval metrics: precison: 77.75; recall: 83.28; f1: 80.42
2021-12-30 19:03:46,731:INFO: - Found new best F1
2021-12-30 19:03:46,731:INFO: Epoch 37/100
2021-12-30 19:04:19,256:INFO: - Train metrics: precison: 92.67; recall: 97.62; f1: 95.08; loss: 00.51
2021-12-30 19:04:19,473:INFO: - Eval metrics: precison: 76.78; recall: 83.50; f1: 80.00
2021-12-30 19:04:19,604:INFO: Epoch 38/100
2021-12-30 19:04:52,400:INFO: - Train metrics: precison: 93.60; recall: 97.71; f1: 95.61; loss: 00.50
2021-12-30 19:04:52,631:INFO: - Eval metrics: precison: 77.03; recall: 82.75; f1: 79.79
2021-12-30 19:04:52,744:INFO: Epoch 39/100
2021-12-30 19:05:18,823:INFO: - Train metrics: precison: 93.36; recall: 97.71; f1: 95.48; loss: 00.50
2021-12-30 19:05:18,911:INFO: - Eval metrics: precison: 77.19; recall: 83.37; f1: 80.16
2021-12-30 19:05:18,998:INFO: Epoch 40/100
2021-12-30 19:05:41,557:INFO: - Train metrics: precison: 93.53; recall: 97.86; f1: 95.65; loss: 00.49
2021-12-30 19:05:41,677:INFO: - Eval metrics: precison: 77.16; recall: 83.68; f1: 80.29
2021-12-30 19:05:41,792:INFO: Epoch 41/100
2021-12-30 19:06:06,748:INFO: - Train metrics: precison: 93.80; recall: 98.04; f1: 95.87; loss: 00.47
2021-12-30 19:06:06,869:INFO: - Eval metrics: precison: 76.80; recall: 83.15; f1: 79.85
2021-12-30 19:06:06,941:INFO: Epoch 42/100
2021-12-30 19:06:30,611:INFO: - Train metrics: precison: 93.35; recall: 98.01; f1: 95.63; loss: 00.47
2021-12-30 19:06:30,974:INFO: - Eval metrics: precison: 76.39; recall: 83.73; f1: 79.89
2021-12-30 19:06:31,011:INFO: Epoch 43/100
2021-12-30 19:06:54,603:INFO: - Train metrics: precison: 93.72; recall: 98.04; f1: 95.83; loss: 00.47
2021-12-30 19:06:54,693:INFO: - Eval metrics: precison: 76.77; recall: 83.59; f1: 80.03
2021-12-30 19:06:54,816:INFO: Epoch 44/100
2021-12-30 19:07:17,231:INFO: - Train metrics: precison: 94.47; recall: 98.16; f1: 96.28; loss: 00.45
2021-12-30 19:07:17,360:INFO: - Eval metrics: precison: 77.39; recall: 83.41; f1: 80.29
2021-12-30 19:07:17,443:INFO: best val f1: 80.42
